Determining if the pthread_create exist failed with the following output:
Change Dir: /home/hxb/github/code/rgbdslam/7/build/CMakeFiles/CMakeTmp

Run Build Command:"/usr/bin/make" "cmTC_42090/fast"
/usr/bin/make -f CMakeFiles/cmTC_42090.dir/build.make CMakeFiles/cmTC_42090.dir/build
make[1]: 正在进入目录 `/home/hxb/github/code/rgbdslam/7/build/CMakeFiles/CMakeTmp'
Building C object CMakeFiles/cmTC_42090.dir/CheckSymbolExists.c.o
/usr/bin/cc     -o CMakeFiles/cmTC_42090.dir/CheckSymbolExists.c.o   -c /home/hxb/github/code/rgbdslam/7/build/CMakeFiles/CMakeTmp/CheckSymbolExists.c
Linking C executable cmTC_42090
/usr/local/bin/cmake -E cmake_link_script CMakeFiles/cmTC_42090.dir/link.txt --verbose=1
/usr/bin/cc       CMakeFiles/cmTC_42090.dir/CheckSymbolExists.c.o  -o cmTC_42090 -rdynamic 
CMakeFiles/cmTC_42090.dir/CheckSymbolExists.c.o：在函数‘main’中：
CheckSymbolExists.c:(.text+0x16)：对‘pthread_create’未定义的引用
collect2: error: ld returned 1 exit status
make[1]: *** [cmTC_42090] 错误 1
make[1]:正在离开目录 `/home/hxb/github/code/rgbdslam/7/build/CMakeFiles/CMakeTmp'
make: *** [cmTC_42090/fast] 错误 2

File /home/hxb/github/code/rgbdslam/7/build/CMakeFiles/CMakeTmp/CheckSymbolExists.c:
/* */
#include <pthread.h>

int main(int argc, char** argv)
{
  (void)argv;
#ifndef pthread_create
  return ((int*)(&pthread_create))[argc];
#else
  (void)argc;
  return 0;
#endif
}

Determining if the function pthread_create exists in the pthreads failed with the following output:
Change Dir: /home/hxb/github/code/rgbdslam/7/build/CMakeFiles/CMakeTmp

Run Build Command:"/usr/bin/make" "cmTC_11c38/fast"
/usr/bin/make -f CMakeFiles/cmTC_11c38.dir/build.make CMakeFiles/cmTC_11c38.dir/build
make[1]: 正在进入目录 `/home/hxb/github/code/rgbdslam/7/build/CMakeFiles/CMakeTmp'
Building C object CMakeFiles/cmTC_11c38.dir/CheckFunctionExists.c.o
/usr/bin/cc    -DCHECK_FUNCTION_EXISTS=pthread_create   -o CMakeFiles/cmTC_11c38.dir/CheckFunctionExists.c.o   -c /usr/local/share/cmake-3.6/Modules/CheckFunctionExists.c
Linking C executable cmTC_11c38
/usr/local/bin/cmake -E cmake_link_script CMakeFiles/cmTC_11c38.dir/link.txt --verbose=1
/usr/bin/cc   -DCHECK_FUNCTION_EXISTS=pthread_create    CMakeFiles/cmTC_11c38.dir/CheckFunctionExists.c.o  -o cmTC_11c38 -rdynamic -lpthreads 
/usr/bin/ld: 找不到 -lpthreads
collect2: error: ld returned 1 exit status
make[1]: *** [cmTC_11c38] 错误 1
make[1]:正在离开目录 `/home/hxb/github/code/rgbdslam/7/build/CMakeFiles/CMakeTmp'
make: *** [cmTC_11c38/fast] 错误 2


