Determining if the pthread_create exist failed with the following output:
Change Dir: /home/hxb/rgbdslam/6/build/CMakeFiles/CMakeTmp

Run Build Command:"/usr/bin/make" "cmTC_e35aa/fast"
/usr/bin/make -f CMakeFiles/cmTC_e35aa.dir/build.make CMakeFiles/cmTC_e35aa.dir/build
make[1]: 正在进入目录 `/home/hxb/rgbdslam/6/build/CMakeFiles/CMakeTmp'
Building C object CMakeFiles/cmTC_e35aa.dir/CheckSymbolExists.c.o
/usr/bin/cc     -o CMakeFiles/cmTC_e35aa.dir/CheckSymbolExists.c.o   -c /home/hxb/rgbdslam/6/build/CMakeFiles/CMakeTmp/CheckSymbolExists.c
Linking C executable cmTC_e35aa
/usr/local/bin/cmake -E cmake_link_script CMakeFiles/cmTC_e35aa.dir/link.txt --verbose=1
/usr/bin/cc       CMakeFiles/cmTC_e35aa.dir/CheckSymbolExists.c.o  -o cmTC_e35aa -rdynamic 
CMakeFiles/cmTC_e35aa.dir/CheckSymbolExists.c.o：在函数‘main’中：
CheckSymbolExists.c:(.text+0x16)：对‘pthread_create’未定义的引用
collect2: error: ld returned 1 exit status
make[1]: *** [cmTC_e35aa] 错误 1
make[1]:正在离开目录 `/home/hxb/rgbdslam/6/build/CMakeFiles/CMakeTmp'
make: *** [cmTC_e35aa/fast] 错误 2

File /home/hxb/rgbdslam/6/build/CMakeFiles/CMakeTmp/CheckSymbolExists.c:
/* */
#include <pthread.h>

int main(int argc, char** argv)
{
  (void)argv;
#ifndef pthread_create
  return ((int*)(&pthread_create))[argc];
#else
  (void)argc;
  return 0;
#endif
}

Determining if the function pthread_create exists in the pthreads failed with the following output:
Change Dir: /home/hxb/rgbdslam/6/build/CMakeFiles/CMakeTmp

Run Build Command:"/usr/bin/make" "cmTC_b95bb/fast"
/usr/bin/make -f CMakeFiles/cmTC_b95bb.dir/build.make CMakeFiles/cmTC_b95bb.dir/build
make[1]: 正在进入目录 `/home/hxb/rgbdslam/6/build/CMakeFiles/CMakeTmp'
Building C object CMakeFiles/cmTC_b95bb.dir/CheckFunctionExists.c.o
/usr/bin/cc    -DCHECK_FUNCTION_EXISTS=pthread_create   -o CMakeFiles/cmTC_b95bb.dir/CheckFunctionExists.c.o   -c /usr/local/share/cmake-3.6/Modules/CheckFunctionExists.c
Linking C executable cmTC_b95bb
/usr/local/bin/cmake -E cmake_link_script CMakeFiles/cmTC_b95bb.dir/link.txt --verbose=1
/usr/bin/cc   -DCHECK_FUNCTION_EXISTS=pthread_create    CMakeFiles/cmTC_b95bb.dir/CheckFunctionExists.c.o  -o cmTC_b95bb -rdynamic -lpthreads 
/usr/bin/ld: cannot find -lpthreads
collect2: error: ld returned 1 exit status
make[1]: *** [cmTC_b95bb] 错误 1
make[1]:正在离开目录 `/home/hxb/rgbdslam/6/build/CMakeFiles/CMakeTmp'
make: *** [cmTC_b95bb/fast] 错误 2


