Determining if the pthread_create exist failed with the following output:
Change Dir: /home/hxb/rgbdslam/2/build/CMakeFiles/CMakeTmp

Run Build Command:"/usr/bin/make" "cmTC_b3f8f/fast"
/usr/bin/make -f CMakeFiles/cmTC_b3f8f.dir/build.make CMakeFiles/cmTC_b3f8f.dir/build
make[1]: 正在进入目录 `/home/hxb/rgbdslam/2/build/CMakeFiles/CMakeTmp'
Building C object CMakeFiles/cmTC_b3f8f.dir/CheckSymbolExists.c.o
/usr/bin/cc     -o CMakeFiles/cmTC_b3f8f.dir/CheckSymbolExists.c.o   -c /home/hxb/rgbdslam/2/build/CMakeFiles/CMakeTmp/CheckSymbolExists.c
Linking C executable cmTC_b3f8f
/usr/local/bin/cmake -E cmake_link_script CMakeFiles/cmTC_b3f8f.dir/link.txt --verbose=1
/usr/bin/cc       CMakeFiles/cmTC_b3f8f.dir/CheckSymbolExists.c.o  -o cmTC_b3f8f -rdynamic 
CMakeFiles/cmTC_b3f8f.dir/CheckSymbolExists.c.o：在函数‘main’中：
CheckSymbolExists.c:(.text+0x16)：对‘pthread_create’未定义的引用
collect2: error: ld returned 1 exit status
make[1]: *** [cmTC_b3f8f] 错误 1
make[1]:正在离开目录 `/home/hxb/rgbdslam/2/build/CMakeFiles/CMakeTmp'
make: *** [cmTC_b3f8f/fast] 错误 2

File /home/hxb/rgbdslam/2/build/CMakeFiles/CMakeTmp/CheckSymbolExists.c:
/* */
#include <pthread.h>

int main(int argc, char** argv)
{
  (void)argv;
#ifndef pthread_create
  return ((int*)(&pthread_create))[argc];
#else
  (void)argc;
  return 0;
#endif
}

Determining if the function pthread_create exists in the pthreads failed with the following output:
Change Dir: /home/hxb/rgbdslam/2/build/CMakeFiles/CMakeTmp

Run Build Command:"/usr/bin/make" "cmTC_5ae74/fast"
/usr/bin/make -f CMakeFiles/cmTC_5ae74.dir/build.make CMakeFiles/cmTC_5ae74.dir/build
make[1]: 正在进入目录 `/home/hxb/rgbdslam/2/build/CMakeFiles/CMakeTmp'
Building C object CMakeFiles/cmTC_5ae74.dir/CheckFunctionExists.c.o
/usr/bin/cc    -DCHECK_FUNCTION_EXISTS=pthread_create   -o CMakeFiles/cmTC_5ae74.dir/CheckFunctionExists.c.o   -c /usr/local/share/cmake-3.5/Modules/CheckFunctionExists.c
Linking C executable cmTC_5ae74
/usr/local/bin/cmake -E cmake_link_script CMakeFiles/cmTC_5ae74.dir/link.txt --verbose=1
/usr/bin/cc   -DCHECK_FUNCTION_EXISTS=pthread_create    CMakeFiles/cmTC_5ae74.dir/CheckFunctionExists.c.o  -o cmTC_5ae74 -rdynamic -lpthreads 
/usr/bin/ld: 找不到 -lpthreads
collect2: error: ld returned 1 exit status
make[1]: *** [cmTC_5ae74] 错误 1
make[1]:正在离开目录 `/home/hxb/rgbdslam/2/build/CMakeFiles/CMakeTmp'
make: *** [cmTC_5ae74/fast] 错误 2


