Determining if the pthread_create exist failed with the following output:
Change Dir: /home/hxb/github/code/rgbd-slam-tutorial-gx-master/partVII/build/CMakeFiles/CMakeTmp

Run Build Command:"/usr/bin/make" "cmTC_990b2/fast"
/usr/bin/make -f CMakeFiles/cmTC_990b2.dir/build.make CMakeFiles/cmTC_990b2.dir/build
make[1]: 正在进入目录 `/home/hxb/github/code/rgbd-slam-tutorial-gx-master/partVII/build/CMakeFiles/CMakeTmp'
Building C object CMakeFiles/cmTC_990b2.dir/CheckSymbolExists.c.o
/usr/bin/cc     -o CMakeFiles/cmTC_990b2.dir/CheckSymbolExists.c.o   -c /home/hxb/github/code/rgbd-slam-tutorial-gx-master/partVII/build/CMakeFiles/CMakeTmp/CheckSymbolExists.c
Linking C executable cmTC_990b2
/usr/local/bin/cmake -E cmake_link_script CMakeFiles/cmTC_990b2.dir/link.txt --verbose=1
/usr/bin/cc       CMakeFiles/cmTC_990b2.dir/CheckSymbolExists.c.o  -o cmTC_990b2 -rdynamic 
CMakeFiles/cmTC_990b2.dir/CheckSymbolExists.c.o：在函数‘main’中：
CheckSymbolExists.c:(.text+0x16)：对‘pthread_create’未定义的引用
collect2: error: ld returned 1 exit status
make[1]: *** [cmTC_990b2] 错误 1
make[1]:正在离开目录 `/home/hxb/github/code/rgbd-slam-tutorial-gx-master/partVII/build/CMakeFiles/CMakeTmp'
make: *** [cmTC_990b2/fast] 错误 2

File /home/hxb/github/code/rgbd-slam-tutorial-gx-master/partVII/build/CMakeFiles/CMakeTmp/CheckSymbolExists.c:
/* */
#include <pthread.h>

int main(int argc, char** argv)
{
  (void)argv;
#ifndef pthread_create
  return ((int*)(&pthread_create))[argc];
#else
  (void)argc;
  return 0;
#endif
}

Determining if the function pthread_create exists in the pthreads failed with the following output:
Change Dir: /home/hxb/github/code/rgbd-slam-tutorial-gx-master/partVII/build/CMakeFiles/CMakeTmp

Run Build Command:"/usr/bin/make" "cmTC_31f66/fast"
/usr/bin/make -f CMakeFiles/cmTC_31f66.dir/build.make CMakeFiles/cmTC_31f66.dir/build
make[1]: 正在进入目录 `/home/hxb/github/code/rgbd-slam-tutorial-gx-master/partVII/build/CMakeFiles/CMakeTmp'
Building C object CMakeFiles/cmTC_31f66.dir/CheckFunctionExists.c.o
/usr/bin/cc    -DCHECK_FUNCTION_EXISTS=pthread_create   -o CMakeFiles/cmTC_31f66.dir/CheckFunctionExists.c.o   -c /usr/local/share/cmake-3.6/Modules/CheckFunctionExists.c
Linking C executable cmTC_31f66
/usr/local/bin/cmake -E cmake_link_script CMakeFiles/cmTC_31f66.dir/link.txt --verbose=1
/usr/bin/cc   -DCHECK_FUNCTION_EXISTS=pthread_create    CMakeFiles/cmTC_31f66.dir/CheckFunctionExists.c.o  -o cmTC_31f66 -rdynamic -lpthreads 
/usr/bin/ld: cannot find -lpthreads
collect2: error: ld returned 1 exit status
make[1]: *** [cmTC_31f66] 错误 1
make[1]:正在离开目录 `/home/hxb/github/code/rgbd-slam-tutorial-gx-master/partVII/build/CMakeFiles/CMakeTmp'
make: *** [cmTC_31f66/fast] 错误 2


